4.93935479653481 14.1760140743713
6.03294157201928 17.5193353564789
7.36865147588349 18.0102224615737
9.0000912365651 19.2880255596367
10.9927362600338 20.9124586677925
13.4265583877326 17.500654164575
16.3992354473751 15.4383919264204
20.030071407142 14.025466790165
24.4647844628284 14.1257216154572
29.8813552206927 11.5864082349272
36.4971696841179 9.4273399069513
44.5777437172213 8.15006739486098
54.4473791287713 7.71907713379179
66.5021790424737 5.63773408961512
2.21939485644931 2.61598852273896
2.71077499911368 1.31725237134936
3.31094806066908 0.0803862308524926
4.04400109342628 -0.122826996308502
4.9393540895136 0.657521329981205
6.03294070846162 0.949160923361017
7.36865042113179 0.89758169263658
9.00008994828847 0.445913749131606
10.9927346865292 0.584375010855396
13.4265564658497 0.801129466659653
16.3992330999821 0.366722325952793
20.0300685400296 0.646507647759419
24.4647809609294 0.340469629209233
29.8813509434636 0.515190683055936
36.4971644598985 0.393843168648351
44.5777373363453 0.247088788366038
54.4473713351518 0.112764633808234
66.5021695233254 0.195799119090374
