4.93935479653481 3.87418670139153
6.03294157201928 5.60850763325243
7.36865147588349 6.72533757562033
9.0000912365651 7.82528422663624
10.9927362600338 8.65868289510781
13.4265583877326 8.63024431638882
16.3992354473751 7.36070622629696
20.030071407142 7.00675559078853
24.4647844628284 6.07565077301953
29.8813552206927 5.16456421177982
2.21939485644931 -0.136928762903427
2.71077499911368 0.738344367390787
3.31094806066908 0.498899095529725
4.04400109342628 1.04916826051762
4.9393540895136 0.525942474887416
6.03294070846162 0.476543546204538
7.36865042113179 0.60590043572096
9.00008994828847 0.779575933129019
10.9927346865292 0.497882582418289
13.4265564658497 0.487210075207896
16.3992330999821 0.414175039908785
20.0300685400296 0.32964344530335
24.4647809609294 0.287457686475825
29.8813509434636 0.223435800624977
