4.93935479653481 8.32413525107061
6.03294157201928 17.4165830604143
7.36865147588349 17.2417797729142
9.0000912365651 16.6061922001274
10.9927362600338 17.3650627715317
13.4265583877326 15.5962611936036
16.3992354473751 15.0251989833048
20.030071407142 12.7521633503737
24.4647844628284 12.1958844640187
29.8813552206927 10.1475180088468
36.4971696841179 8.61639063346534
44.5777437172213 7.02551986406367
54.4473791287713 6.36591682019258
66.5021790424737 4.87324082893443
2.21939485644931 1.44762841210527
2.71077499911368 0.619709393730092
3.31094806066908 0.907725882963295
4.04400109342628 0.970693885909843
4.9393540895136 0.984074212475847
6.03294070846162 0.951852535244996
7.36865042113179 0.689820818539465
9.00008994828847 0.386495888975214
10.9927346865292 0.765458580666203
13.4265564658497 0.545688390355238
16.3992330999821 0.546910142850652
20.0300685400296 0.476655812574512
24.4647809609294 0.383920176791672
29.8813509434636 0.324081772656656
36.4971644598985 0.328208406569641
44.5777373363453 0.275701106043291
54.4473713351518 0.268248457415211
66.5021695233254 0.151731416477198
